<?xml version="1.0" encoding="UTF-8"?>
<!-- Generated by org.testng.reporters.JUnitXMLReporter -->
<testsuite hostname="user-PC" ignored="0" name="Reg Test" tests="1" failures="1" timestamp="24 Apr 2019 06:55:19 GMT" time="0.0" errors="0">
  <testcase name="doRegisterTest" time="0.0" classname="testcases.RegTest">
    <failure type="java.lang.AssertionError" message="Error message">
      <![CDATA[java.lang.AssertionError: Error message
at testcases.RegTest.doRegisterTest(RegTest.java:17)
... Removed 26 stack frames]]>
    </failure>
  </testcase> <!-- doRegisterTest -->
</testsuite> <!-- Reg Test -->
